  MyClass.cpp
F:\z_MyCreate\C++File\Game&Practice\MyClass.cpp(72,25): warning C4244: “=”: 从“double”转换到“T”，可能丢失数据
F:\z_MyCreate\C++File\Game&Practice\MyClass.cpp(72,25): warning C4244:         with
F:\z_MyCreate\C++File\Game&Practice\MyClass.cpp(72,25): warning C4244:         [
F:\z_MyCreate\C++File\Game&Practice\MyClass.cpp(72,25): warning C4244:             T=float
F:\z_MyCreate\C++File\Game&Practice\MyClass.cpp(72,25): warning C4244:         ]
F:\z_MyCreate\C++File\Game&Practice\MyClass.cpp(73,42): warning C4244: “=”: 从“double”转换到“T”，可能丢失数据
F:\z_MyCreate\C++File\Game&Practice\MyClass.cpp(73,42): warning C4244:         with
F:\z_MyCreate\C++File\Game&Practice\MyClass.cpp(73,42): warning C4244:         [
F:\z_MyCreate\C++File\Game&Practice\MyClass.cpp(73,42): warning C4244:             T=float
F:\z_MyCreate\C++File\Game&Practice\MyClass.cpp(73,42): warning C4244:         ]
  main.cpp
F:\z_MyCreate\C++File\Game&Practice\main.cpp(213,78): warning C4244: “参数”: 从“T”转换到“T”，可能丢失数据
F:\z_MyCreate\C++File\Game&Practice\main.cpp(213,78): warning C4244:         with
F:\z_MyCreate\C++File\Game&Practice\main.cpp(213,78): warning C4244:         [
F:\z_MyCreate\C++File\Game&Practice\main.cpp(213,78): warning C4244:             T=unsigned int
F:\z_MyCreate\C++File\Game&Practice\main.cpp(213,78): warning C4244:         ]
F:\z_MyCreate\C++File\Game&Practice\main.cpp(213,78): warning C4244:         and
F:\z_MyCreate\C++File\Game&Practice\main.cpp(213,78): warning C4244:         [
F:\z_MyCreate\C++File\Game&Practice\main.cpp(213,78): warning C4244:             T=float
F:\z_MyCreate\C++File\Game&Practice\main.cpp(213,78): warning C4244:         ]
F:\z_MyCreate\C++File\Game&Practice\main.cpp(213,59): warning C4244: “参数”: 从“T”转换到“T”，可能丢失数据
F:\z_MyCreate\C++File\Game&Practice\main.cpp(213,59): warning C4244:         with
F:\z_MyCreate\C++File\Game&Practice\main.cpp(213,59): warning C4244:         [
F:\z_MyCreate\C++File\Game&Practice\main.cpp(213,59): warning C4244:             T=unsigned int
F:\z_MyCreate\C++File\Game&Practice\main.cpp(213,59): warning C4244:         ]
F:\z_MyCreate\C++File\Game&Practice\main.cpp(213,59): warning C4244:         and
F:\z_MyCreate\C++File\Game&Practice\main.cpp(213,59): warning C4244:         [
F:\z_MyCreate\C++File\Game&Practice\main.cpp(213,59): warning C4244:             T=float
F:\z_MyCreate\C++File\Game&Practice\main.cpp(213,59): warning C4244:         ]
F:\z_MyCreate\C++File\Game&Practice\main.cpp(215,117): warning C4244: “参数”: 从“double”转换到“T”，可能丢失数据
F:\z_MyCreate\C++File\Game&Practice\main.cpp(215,117): warning C4244:         with
F:\z_MyCreate\C++File\Game&Practice\main.cpp(215,117): warning C4244:         [
F:\z_MyCreate\C++File\Game&Practice\main.cpp(215,117): warning C4244:             T=float
F:\z_MyCreate\C++File\Game&Practice\main.cpp(215,117): warning C4244:         ]
  正在生成代码...
  Game&Practice.vcxproj -> F:\z_MyCreate\C++File\Game&Practice\x64\Debug\Game&Practice.exe
